
=== audio/test_40deg_take1.wav ===
Model: far-field (plane-wave)

[auto-event 1] window 2.16-2.61s rms=0.002609 expanded 2.06-2.71s
  t=2.31s -> theta=178.0° raw=178.0° conf=0.2084
  t=2.26s -> theta=358.0° raw=358.0° conf=0.1646
  t=2.36s -> theta=315.0° raw=315.0° conf=0.0891
  t=2.41s -> theta=225.0° raw=225.0° conf=0.0330
  t=2.46s -> theta=225.0° raw=225.0° conf=0.0085
  dom_ratio=0.45 best_conf=0.2084 event_theta=175.00°

[auto-event 2] window 3.56-4.01s rms=0.002575 expanded 3.46-4.11s
  t=3.71s -> theta=178.0° raw=178.0° conf=0.2494
  t=3.66s -> theta=358.0° raw=358.0° conf=0.1636
  t=3.76s -> theta=315.0° raw=315.0° conf=0.0529
  t=3.81s -> theta=225.0° raw=225.0° conf=0.0323
  t=3.86s -> theta=225.0° raw=225.0° conf=0.0089
  dom_ratio=0.54 best_conf=0.2494 event_theta=175.00°

[auto-event 3] window 4.96-5.41s rms=0.002558 expanded 4.86-5.51s
  t=5.11s -> theta=178.0° raw=178.0° conf=0.2788
  t=5.06s -> theta=358.0° raw=358.0° conf=0.1606
  t=5.21s -> theta=225.0° raw=225.0° conf=0.0236
  t=5.16s -> theta=316.0° raw=316.0° conf=0.0165
  t=5.26s -> theta=225.0° raw=225.0° conf=0.0113
  dom_ratio=0.63 best_conf=0.2788 event_theta=175.00°

Auto-window events summary:
  event1: win=2.16-2.61s theta=175.00° dom=0.45 best_conf=0.2084 used=3/5 -> ACCEPT
  event2: win=3.56-4.01s theta=175.00° dom=0.54 best_conf=0.2494 used=3/5 -> ACCEPT
  event3: win=4.96-5.41s theta=175.00° dom=0.63 best_conf=0.2788 used=2/5 -> ACCEPT

Final DOA (auto-window): 170.00° (accepted 3/3, dom=1.00)

=== audio/test_90deg_take1.wav ===
Model: far-field (plane-wave)

[auto-event 1] window 2.75-3.20s rms=0.003564 expanded 2.65-3.30s
  t=3.05s -> theta=0.0° raw=0.0° conf=0.1086
  t=3.00s -> theta=90.0° raw=90.0° conf=0.1059
  t=2.95s -> theta=90.0° raw=90.0° conf=0.0610
  t=2.90s -> theta=92.0° raw=92.0° conf=0.0161
  t=2.85s -> theta=178.0° raw=178.0° conf=0.0062
  dom_ratio=0.61 best_conf=0.1086 event_theta=87.00°

[auto-event 2] window 4.15-4.60s rms=0.003514 expanded 4.05-4.70s
  t=4.45s -> theta=358.0° raw=358.0° conf=0.2979
  t=4.40s -> theta=90.0° raw=90.0° conf=0.1153
  t=4.30s -> theta=92.0° raw=92.0° conf=0.1118
  t=4.35s -> theta=90.0° raw=90.0° conf=0.0598
  t=4.25s -> theta=358.0° raw=358.0° conf=0.0507
  dom_ratio=0.55 best_conf=0.2979 event_theta=0.00°

[auto-event 3] window 5.55-6.00s rms=0.003494 expanded 5.45-6.10s
  t=5.85s -> theta=358.0° raw=358.0° conf=0.2868
  t=5.70s -> theta=92.0° raw=92.0° conf=0.1224
  t=5.80s -> theta=90.0° raw=90.0° conf=0.1161
  t=5.65s -> theta=358.0° raw=358.0° conf=0.0673
  t=5.75s -> theta=90.0° raw=90.0° conf=0.0606
  dom_ratio=0.54 best_conf=0.2868 event_theta=0.00°

Auto-window events summary:
  event1: win=2.75-3.20s theta=87.00° dom=0.61 best_conf=0.1086 used=3/5 -> ACCEPT
  event2: win=4.15-4.60s theta=0.00° dom=0.55 best_conf=0.2979 used=5/5 -> ACCEPT
  event3: win=5.55-6.00s theta=0.00° dom=0.54 best_conf=0.2868 used=5/5 -> ACCEPT

Final DOA (auto-window): 0.00° (accepted 3/3, dom=0.84)

=== audio/test_90deg_take3.wav ===
Model: far-field (plane-wave)

[auto-event 1] window 3.34-3.79s rms=0.002967 expanded 3.24-3.89s
  t=3.59s -> theta=90.0° raw=90.0° conf=0.1078
  t=3.44s -> theta=90.0° raw=90.0° conf=0.0763
  t=3.64s -> theta=90.0° raw=90.0° conf=0.0666
  t=3.49s -> theta=90.0° raw=90.0° conf=0.0619
  t=3.54s -> theta=90.0° raw=90.0° conf=0.0517
  dom_ratio=1.00 best_conf=0.1078 event_theta=87.00°

[auto-event 2] window 4.74-5.19s rms=0.002940 expanded 4.64-5.29s
  t=4.99s -> theta=90.0° raw=90.0° conf=0.1122
  t=4.84s -> theta=90.0° raw=90.0° conf=0.0761
  t=4.94s -> theta=90.0° raw=90.0° conf=0.0662
  t=4.89s -> theta=90.0° raw=90.0° conf=0.0653
  t=5.04s -> theta=90.0° raw=90.0° conf=0.0627
  dom_ratio=1.00 best_conf=0.1122 event_theta=87.00°

[auto-event 3] window 6.14-6.59s rms=0.002928 expanded 6.04-6.69s
  t=6.39s -> theta=90.0° raw=90.0° conf=0.1126
  t=6.24s -> theta=90.0° raw=90.0° conf=0.0760
  t=6.34s -> theta=90.0° raw=90.0° conf=0.0662
  t=6.29s -> theta=90.0° raw=90.0° conf=0.0644
  t=6.44s -> theta=90.0° raw=90.0° conf=0.0615
  dom_ratio=1.00 best_conf=0.1126 event_theta=87.00°

Auto-window events summary:
  event1: win=3.34-3.79s theta=87.00° dom=1.00 best_conf=0.1078 used=5/5 -> ACCEPT
  event2: win=4.74-5.19s theta=87.00° dom=1.00 best_conf=0.1122 used=5/5 -> ACCEPT
  event3: win=6.14-6.59s theta=87.00° dom=1.00 best_conf=0.1126 used=5/5 -> ACCEPT

Final DOA (auto-window): 82.00° (accepted 3/3, dom=1.00)

=== audio/test_180deg_take1.wav ===
Model: far-field (plane-wave)

[auto-event 1] window 2.38-2.83s rms=0.002290 expanded 2.28-2.93s
  t=2.53s -> theta=0.0° raw=0.0° conf=0.1801
  t=2.48s -> theta=135.0° raw=135.0° conf=0.1161
  t=2.63s -> theta=2.0° raw=2.0° conf=0.0551
  t=2.68s -> theta=135.0° raw=135.0° conf=0.0285
  t=2.58s -> theta=182.0° raw=182.0° conf=0.0211
  dom_ratio=0.67 best_conf=0.1801 event_theta=0.00°

[auto-event 2] window 3.78-4.23s rms=0.002257 expanded 3.68-4.33s
  t=3.93s -> theta=0.0° raw=0.0° conf=0.2710
  t=3.88s -> theta=135.0° raw=135.0° conf=0.0761
  t=4.03s -> theta=2.0° raw=2.0° conf=0.0527
  t=3.98s -> theta=182.0° raw=182.0° conf=0.0359
  t=4.08s -> theta=135.0° raw=135.0° conf=0.0228
  dom_ratio=0.81 best_conf=0.2710 event_theta=0.00°

[auto-event 3] window 6.89-7.34s rms=0.002264 expanded 6.79-7.44s
  t=7.14s -> theta=182.0° raw=182.0° conf=0.1967
  t=7.04s -> theta=176.0° raw=176.0° conf=0.1638
  t=7.19s -> theta=2.0° raw=2.0° conf=0.1611
  t=7.09s -> theta=0.0° raw=0.0° conf=0.0489
  t=6.99s -> theta=135.0° raw=135.0° conf=0.0255
  dom_ratio=0.69 best_conf=0.1967 event_theta=179.00°

Final DOA (auto-window): UNCERTAIN (accepted 3/3, dom=0.00)

=== audio/test_180deg_take3.wav ===
Model: far-field (plane-wave)

[auto-event 1] window 3.13-3.58s rms=0.003796 expanded 3.03-3.68s
  t=3.28s -> theta=2.0° raw=2.0° conf=0.2315
  t=3.43s -> theta=270.0° raw=270.0° conf=0.0610
  t=3.33s -> theta=270.0° raw=270.0° conf=0.0359
  t=3.23s -> theta=0.0° raw=0.0° conf=0.0171
  t=3.38s -> theta=135.0° raw=135.0° conf=0.0162
  dom_ratio=0.79 best_conf=0.2315 event_theta=0.00°

[auto-event 2] window 4.53-4.98s rms=0.003744 expanded 4.43-5.08s
  t=4.68s -> theta=2.0° raw=2.0° conf=0.2318
  t=4.83s -> theta=270.0° raw=270.0° conf=0.0435
  t=4.73s -> theta=270.0° raw=270.0° conf=0.0390
  t=4.63s -> theta=0.0° raw=0.0° conf=0.0234
  t=4.78s -> theta=135.0° raw=135.0° conf=0.0190
  dom_ratio=1.00 best_conf=0.2318 event_theta=0.00°

[auto-event 3] window 5.93-6.38s rms=0.003718 expanded 5.83-6.48s
  t=6.08s -> theta=2.0° raw=2.0° conf=0.2321
  t=6.23s -> theta=270.0° raw=270.0° conf=0.0429
  t=6.13s -> theta=270.0° raw=270.0° conf=0.0396
  t=6.03s -> theta=0.0° raw=0.0° conf=0.0296
  t=6.18s -> theta=135.0° raw=135.0° conf=0.0191
  dom_ratio=1.00 best_conf=0.2321 event_theta=0.00°

Auto-window events summary:
  event1: win=3.13-3.58s theta=0.00° dom=0.79 best_conf=0.2315 used=2/5 -> ACCEPT
  event2: win=4.53-4.98s theta=0.00° dom=1.00 best_conf=0.2318 used=1/5 -> ACCEPT
  event3: win=5.93-6.38s theta=0.00° dom=1.00 best_conf=0.2321 used=1/5 -> ACCEPT

Final DOA (auto-window): 0.00° (accepted 3/3, dom=1.00)

=== audio/test_270deg_take1.wav ===
Model: far-field (plane-wave)

[auto-event 1] window 3.77-4.22s rms=0.001447 expanded 3.67-4.32s
  t=3.92s -> theta=182.0° raw=182.0° conf=0.1720
  t=3.97s -> theta=176.0° raw=176.0° conf=0.0981
  t=4.02s -> theta=2.0° raw=2.0° conf=0.0638
  t=4.07s -> theta=270.0° raw=270.0° conf=0.0220
  t=3.87s -> theta=90.0° raw=90.0° conf=0.0173
  dom_ratio=0.81 best_conf=0.1720 event_theta=179.00°

[auto-event 2] window 5.17-5.62s rms=0.001424 expanded 5.07-5.72s
  t=5.32s -> theta=182.0° raw=182.0° conf=0.1668
  t=5.37s -> theta=176.0° raw=176.0° conf=0.0984
  t=5.42s -> theta=2.0° raw=2.0° conf=0.0727
  t=5.27s -> theta=90.0° raw=90.0° conf=0.0176
  t=5.47s -> theta=270.0° raw=270.0° conf=0.0169
  dom_ratio=0.78 best_conf=0.1668 event_theta=179.00°

[auto-event 3] window 6.57-7.02s rms=0.001415 expanded 6.47-7.12s
  t=6.72s -> theta=182.0° raw=182.0° conf=0.1024
  t=6.77s -> theta=176.0° raw=176.0° conf=0.0892
  t=6.82s -> theta=2.0° raw=2.0° conf=0.0761
  t=6.87s -> theta=270.0° raw=270.0° conf=0.0186
  t=6.67s -> theta=90.0° raw=90.0° conf=0.0177
  dom_ratio=0.72 best_conf=0.1024 event_theta=179.00°

Auto-window events summary:
  event1: win=3.77-4.22s theta=179.00° dom=0.81 best_conf=0.1720 used=3/5 -> ACCEPT
  event2: win=5.17-5.62s theta=179.00° dom=0.78 best_conf=0.1668 used=3/5 -> ACCEPT
  event3: win=6.57-7.02s theta=179.00° dom=0.72 best_conf=0.1024 used=3/5 -> ACCEPT

Final DOA (auto-window): 174.00° (accepted 3/3, dom=1.00)

=== audio/test_270deg_take2.wav ===
Model: far-field (plane-wave)

[auto-event 1] window 3.58-4.03s rms=0.002941 expanded 3.48-4.13s
  t=3.78s -> theta=358.0° raw=358.0° conf=0.1125
  t=3.68s -> theta=270.0° raw=270.0° conf=0.0933
  t=3.83s -> theta=270.0° raw=270.0° conf=0.0891
  t=3.88s -> theta=2.0° raw=2.0° conf=0.0681
  t=3.73s -> theta=178.0° raw=178.0° conf=0.0664
  dom_ratio=0.42 best_conf=0.1125 event_theta=267.00°

[auto-event 2] window 4.98-5.43s rms=0.002902 expanded 4.88-5.53s
  t=5.13s -> theta=178.0° raw=178.0° conf=0.1738
  t=5.18s -> theta=358.0° raw=358.0° conf=0.1273
  t=5.08s -> theta=270.0° raw=270.0° conf=0.1092
  t=5.28s -> theta=182.0° raw=182.0° conf=0.1009
  t=5.23s -> theta=270.0° raw=270.0° conf=0.0681
  dom_ratio=0.47 best_conf=0.1738 event_theta=179.00°

[auto-event 3] window 9.23-9.68s rms=0.002895 expanded 9.13-9.78s
  t=9.33s -> theta=270.0° raw=270.0° conf=0.0684
  t=9.48s -> theta=270.0° raw=270.0° conf=0.0533
  t=9.38s -> theta=176.0° raw=176.0° conf=0.0514
  t=9.53s -> theta=180.0° raw=180.0° conf=0.0414
  t=9.43s -> theta=270.0° raw=270.0° conf=0.0293
  dom_ratio=0.70 best_conf=0.0684 event_theta=267.00°

Auto-window events summary:
  event1: win=3.58-4.03s theta=267.00° dom=0.42 best_conf=0.1125 used=5/5 -> ACCEPT
  event2: win=4.98-5.43s theta=179.00° dom=0.47 best_conf=0.1738 used=5/5 -> ACCEPT
  event3: win=9.23-9.68s theta=267.00° dom=0.70 best_conf=0.0684 used=3/5 -> ACCEPT

Final DOA (auto-window): 179.00° (accepted 3/3, dom=0.51)

=== audio/test_270deg_take3.wav ===
Model: far-field (plane-wave)

[auto-event 1] window 2.32-2.77s rms=0.002842 expanded 2.22-2.87s
  t=2.62s -> theta=90.0° raw=90.0° conf=0.0532
  t=2.42s -> theta=270.0° raw=270.0° conf=0.0521
  t=2.57s -> theta=2.0° raw=2.0° conf=0.0205
  t=2.47s -> theta=270.0° raw=270.0° conf=0.0195
  t=2.52s -> theta=270.0° raw=270.0° conf=0.0066
  dom_ratio=0.51 best_conf=0.0532 event_theta=87.00°

[auto-event 2] window 3.72-4.17s rms=0.002802 expanded 3.62-4.27s
  t=3.82s -> theta=270.0° raw=270.0° conf=0.0538
  t=4.02s -> theta=90.0° raw=90.0° conf=0.0507
  t=3.87s -> theta=270.0° raw=270.0° conf=0.0210
  t=3.97s -> theta=182.0° raw=182.0° conf=0.0097
  t=3.92s -> theta=270.0° raw=270.0° conf=0.0025
  dom_ratio=0.51 best_conf=0.0538 event_theta=267.00°

[auto-event 3] window 5.12-5.57s rms=0.002783 expanded 5.02-5.67s
  t=5.22s -> theta=270.0° raw=270.0° conf=0.0468
  t=5.42s -> theta=90.0° raw=90.0° conf=0.0355
  t=5.27s -> theta=270.0° raw=270.0° conf=0.0263
  t=5.37s -> theta=182.0° raw=182.0° conf=0.0212
  t=5.32s -> theta=270.0° raw=270.0° conf=0.0018
  dom_ratio=0.57 best_conf=0.0468 event_theta=267.00°

Final DOA (auto-window): UNCERTAIN (accepted 2/3, dom=0.00)

=== audio/test_290deg_take1.wav ===
Model: far-field (plane-wave)

[auto-event 1] window 2.11-2.56s rms=0.001791 expanded 2.01-2.66s
  t=2.31s -> theta=2.0° raw=2.0° conf=0.1767
  t=2.41s -> theta=178.0° raw=178.0° conf=0.1565
  t=2.36s -> theta=272.0° raw=272.0° conf=0.0672
  t=2.21s -> theta=270.0° raw=270.0° conf=0.0660
  t=2.26s -> theta=178.0° raw=178.0° conf=0.0463
  dom_ratio=0.38 best_conf=0.1767 event_theta=0.00°

[auto-event 2] window 3.51-3.96s rms=0.001765 expanded 3.41-4.06s
  t=3.66s -> theta=178.0° raw=178.0° conf=0.3212
  t=3.71s -> theta=2.0° raw=2.0° conf=0.1908
  t=3.81s -> theta=178.0° raw=178.0° conf=0.1484
  t=3.61s -> theta=270.0° raw=270.0° conf=0.0707
  t=3.76s -> theta=272.0° raw=272.0° conf=0.0497
  dom_ratio=0.64 best_conf=0.3212 event_theta=175.00°

[auto-event 3] window 4.91-5.36s rms=0.001754 expanded 4.81-5.46s
  t=5.06s -> theta=178.0° raw=178.0° conf=0.3161
  t=5.11s -> theta=2.0° raw=2.0° conf=0.2096
  t=5.16s -> theta=178.0° raw=178.0° conf=0.1508
  t=5.21s -> theta=358.0° raw=358.0° conf=0.0875
  t=5.01s -> theta=270.0° raw=270.0° conf=0.0707
  dom_ratio=0.56 best_conf=0.3161 event_theta=175.00°

Auto-window events summary:
  event1: win=2.11-2.56s theta=0.00° dom=0.38 best_conf=0.1767 used=4/5 -> ACCEPT
  event2: win=3.51-3.96s theta=175.00° dom=0.64 best_conf=0.3212 used=4/5 -> ACCEPT
  event3: win=4.91-5.36s theta=175.00° dom=0.56 best_conf=0.3161 used=5/5 -> ACCEPT

Final DOA (auto-window): 170.00° (accepted 3/3, dom=0.78)
