
=== audio/horn_0deg_10m_take1.wav ===
Model: far-field (plane-wave)

[auto-event 1] window 1.35-1.95s rms=0.001988 expanded 1.20-2.10s
  t=1.50s -> theta=0.0° raw=0.0° conf=0.0181
  t=1.75s -> theta=0.0° raw=0.0° conf=0.0156
  t=1.60s -> theta=0.0° raw=0.0° conf=0.0101
  t=1.70s -> theta=180.0° raw=180.0° conf=0.0097
  t=1.55s -> theta=0.0° raw=0.0° conf=0.0081
  t=1.65s -> theta=180.0° raw=180.0° conf=0.0047
  dom_ratio=1.00 best_conf=0.0181 event_theta=0.00°

Final DOA (auto-window): 0.00° (accepted 1/1, dom=1.00)

=== audio/horn_120deg_10m_take1.wav ===
Model: far-field (plane-wave)

[auto-event 1] window 6.43-7.03s rms=0.001760 expanded 6.28-7.18s
  t=6.88s -> theta=2.0° raw=2.0° conf=0.0811
  t=6.83s -> theta=90.0° raw=90.0° conf=0.0578
  t=6.73s -> theta=0.0° raw=0.0° conf=0.0325
  t=6.58s -> theta=0.0° raw=0.0° conf=0.0298
  t=6.68s -> theta=90.0° raw=90.0° conf=0.0251
  t=6.63s -> theta=90.0° raw=90.0° conf=0.0192
  dom_ratio=0.58 best_conf=0.0811 event_theta=2.00°

Final DOA (auto-window): 2.00° (accepted 1/1, dom=0.58)

=== audio/horn_150deg_10m_take1.wav ===
Model: far-field (plane-wave)

[auto-event 1] window 3.21-3.81s rms=0.001644 expanded 3.06-3.96s
  t=3.61s -> theta=178.0° raw=178.0° conf=0.1839
  t=3.66s -> theta=178.0° raw=178.0° conf=0.0737
  t=3.46s -> theta=270.0° raw=270.0° conf=0.0430
  t=3.56s -> theta=268.0° raw=268.0° conf=0.0249
  t=3.41s -> theta=270.0° raw=270.0° conf=0.0087
  t=3.51s -> theta=90.0° raw=90.0° conf=0.0078
  dom_ratio=0.79 best_conf=0.1839 event_theta=178.00°

Final DOA (auto-window): 178.00° (accepted 1/1, dom=0.79)

=== audio/horn_180deg_10m_take1.wav ===
Model: far-field (plane-wave)

[auto-event 1] window 5.17-5.77s rms=0.002339 expanded 5.02-5.92s
  t=5.47s -> theta=90.0° raw=90.0° conf=0.0688
  t=5.57s -> theta=90.0° raw=90.0° conf=0.0621
  t=5.42s -> theta=90.0° raw=90.0° conf=0.0491
  t=5.62s -> theta=180.0° raw=180.0° conf=0.0192
  t=5.52s -> theta=180.0° raw=180.0° conf=0.0110
  t=5.37s -> theta=90.0° raw=90.0° conf=0.0094
  dom_ratio=0.86 best_conf=0.0688 event_theta=90.00°

Final DOA (auto-window): 90.00° (accepted 1/1, dom=0.86)

=== audio/horn_210deg_10m_take1.wav ===
Model: far-field (plane-wave)

[auto-event 1] window 2.08-2.68s rms=0.001798 expanded 1.93-2.83s
  t=2.23s -> theta=88.0° raw=88.0° conf=0.1988
  t=2.33s -> theta=90.0° raw=90.0° conf=0.0566
  t=2.48s -> theta=90.0° raw=90.0° conf=0.0374
  t=2.28s -> theta=90.0° raw=90.0° conf=0.0258
  t=2.53s -> theta=90.0° raw=90.0° conf=0.0255
  t=2.43s -> theta=90.0° raw=90.0° conf=0.0178
  dom_ratio=0.95 best_conf=0.1988 event_theta=88.00°

Final DOA (auto-window): 88.00° (accepted 1/1, dom=0.95)

=== audio/horn_240deg_10m_take1.wav ===
Model: far-field (plane-wave)

[auto-event 1] window 3.46-4.06s rms=0.001664 expanded 3.31-4.21s
  t=3.66s -> theta=358.0° raw=358.0° conf=0.0602
  t=3.61s -> theta=180.0° raw=180.0° conf=0.0281
  t=3.86s -> theta=180.0° raw=180.0° conf=0.0184
  t=3.76s -> theta=358.0° raw=358.0° conf=0.0146
  t=3.71s -> theta=180.0° raw=180.0° conf=0.0102
  t=3.81s -> theta=180.0° raw=180.0° conf=0.0083
  dom_ratio=0.57 best_conf=0.0602 event_theta=358.00°

Final DOA (auto-window): 358.00° (accepted 1/1, dom=0.57)

=== audio/horn_270deg_10m_take1.wav ===
Model: far-field (plane-wave)

[auto-event 1] window 7.21-7.81s rms=0.002008 expanded 7.06-7.96s
  t=7.51s -> theta=270.0° raw=270.0° conf=0.0228
  t=7.56s -> theta=270.0° raw=270.0° conf=0.0158
  t=7.36s -> theta=270.0° raw=270.0° conf=0.0083
  t=7.46s -> theta=270.0° raw=270.0° conf=0.0075
  t=7.41s -> theta=268.0° raw=268.0° conf=0.0061
  t=7.61s -> theta=270.0° raw=270.0° conf=0.0033
  dom_ratio=1.00 best_conf=0.0228 event_theta=270.00°

Final DOA (auto-window): 270.00° (accepted 1/1, dom=1.00)

=== audio/horn_300deg_10m_take1.wav ===
Model: far-field (plane-wave)

[auto-event 1] window 2.44-3.04s rms=0.001657 expanded 2.29-3.19s
  t=2.69s -> theta=182.0° raw=182.0° conf=0.0738
  t=2.59s -> theta=92.0° raw=92.0° conf=0.0571
  t=2.79s -> theta=90.0° raw=90.0° conf=0.0483
  t=2.74s -> theta=358.0° raw=358.0° conf=0.0291
  t=2.64s -> theta=90.0° raw=90.0° conf=0.0184
  t=2.84s -> theta=180.0° raw=180.0° conf=0.0091
  dom_ratio=0.55 best_conf=0.0738 event_theta=182.00°

Final DOA (auto-window): 182.00° (accepted 1/1, dom=0.55)

=== audio/horn_30deg_10m_take1.wav ===
Model: far-field (plane-wave)

[auto-event 1] window 2.92-3.52s rms=0.001140 expanded 2.77-3.67s
  t=3.12s -> theta=268.0° raw=268.0° conf=0.0890
  t=3.32s -> theta=270.0° raw=270.0° conf=0.0320
  t=3.37s -> theta=268.0° raw=268.0° conf=0.0170
  t=3.27s -> theta=180.0° raw=180.0° conf=0.0099
  t=3.07s -> theta=35.0° raw=35.0° conf=0.0061
  t=3.17s -> theta=37.0° raw=37.0° conf=0.0026
  dom_ratio=1.00 best_conf=0.0890 event_theta=268.00°

Final DOA (auto-window): 268.00° (accepted 1/1, dom=1.00)

=== audio/horn_330deg_10m_take1.wav ===
Model: far-field (plane-wave)

[auto-event 1] window 9.64-10.24s rms=0.001200 expanded 9.49-10.39s
  t=9.94s -> theta=2.0° raw=2.0° conf=0.2292
  t=10.04s -> theta=2.0° raw=2.0° conf=0.0715
  t=9.99s -> theta=2.0° raw=2.0° conf=0.0477
  t=9.84s -> theta=90.0° raw=90.0° conf=0.0435
  t=9.89s -> theta=90.0° raw=90.0° conf=0.0279
  t=9.79s -> theta=90.0° raw=90.0° conf=0.0147
  dom_ratio=0.80 best_conf=0.2292 event_theta=2.00°

Final DOA (auto-window): 2.00° (accepted 1/1, dom=0.80)

=== audio/horn_60deg_10m_take1.wav ===
Model: far-field (plane-wave)

[auto-event 1] window 6.49-7.09s rms=0.001749 expanded 6.34-7.24s
  t=6.94s -> theta=182.0° raw=182.0° conf=0.1359
  t=6.64s -> theta=92.0° raw=92.0° conf=0.0983
  t=6.84s -> theta=178.0° raw=178.0° conf=0.0934
  t=6.74s -> theta=180.0° raw=180.0° conf=0.0426
  t=6.69s -> theta=90.0° raw=90.0° conf=0.0406
  t=6.79s -> theta=180.0° raw=180.0° conf=0.0298
  dom_ratio=0.68 best_conf=0.1359 event_theta=182.00°

Final DOA (auto-window): 182.00° (accepted 1/1, dom=0.68)

=== audio/horn_90deg_10m_take1.wav ===
Model: far-field (plane-wave)

[auto-event 1] window 2.09-2.69s rms=0.002149 expanded 1.94-2.84s
  t=2.24s -> theta=90.0° raw=90.0° conf=0.0615
  t=2.34s -> theta=90.0° raw=90.0° conf=0.0588
  t=2.29s -> theta=90.0° raw=90.0° conf=0.0477
  t=2.49s -> theta=90.0° raw=90.0° conf=0.0465
  t=2.39s -> theta=92.0° raw=92.0° conf=0.0391
  t=2.54s -> theta=0.0° raw=0.0° conf=0.0212
  dom_ratio=0.93 best_conf=0.0615 event_theta=90.00°

Final DOA (auto-window): 90.00° (accepted 1/1, dom=0.93)
