
=== audio/outdoor_2m_0deg_take1.wav ===
Model: near-field (r=2.0 m)

Final DOA (auto-window): 0.00° (accepted 3/7, dom=0.80)

=== audio/outdoor_2m_0deg_take2.wav ===
Model: near-field (r=2.0 m)

Final DOA (auto-window): 0.00° (accepted 6/7, dom=1.00)

=== audio/outdoor_2m_0deg_take3.wav ===
Model: near-field (r=2.0 m)

Final DOA (auto-window): 0.00° (accepted 4/7, dom=0.90)

=== audio/outdoor_2m_140deg_take1.wav ===
Model: near-field (r=2.0 m)

Final DOA (auto-window): 135.00° (accepted 2/7, dom=1.00)

=== audio/outdoor_2m_140deg_take2.wav ===
Model: near-field (r=2.0 m)

Final DOA (auto-window): 44.00° (accepted 3/7, dom=0.64)

=== audio/outdoor_2m_140deg_take3.wav ===
Model: near-field (r=2.0 m)

Final DOA (auto-window): 135.00° (accepted 6/7, dom=0.95)

=== audio/outdoor_2m_180deg_take1.wav ===
Model: near-field (r=2.0 m)

Final DOA (auto-window): 179.00° (accepted 6/7, dom=1.00)

=== audio/outdoor_2m_180deg_take2.wav ===
Model: near-field (r=2.0 m)

Final DOA (auto-window): 179.00° (accepted 5/7, dom=1.00)

=== audio/outdoor_2m_180deg_take3.wav ===
Model: near-field (r=2.0 m)

Final DOA (auto-window): 179.00° (accepted 3/7, dom=1.00)

=== audio/outdoor_2m_270deg_take1.wav ===
Model: near-field (r=2.0 m)

Final DOA (auto-window): 270.00° (accepted 5/7, dom=1.00)

=== audio/outdoor_2m_270deg_take2.wav ===
Model: near-field (r=2.0 m)

Final DOA (auto-window): 271.00° (accepted 3/7, dom=1.00)

=== audio/outdoor_2m_270deg_take3.wav ===
Model: near-field (r=2.0 m)

Final DOA (auto-window): 270.00° (accepted 6/7, dom=1.00)

=== audio/outdoor_2m_45deg_take1.wav ===
Model: near-field (r=2.0 m)

Final DOA (auto-window): UNCERTAIN (accepted 0/7, dom=0.51)

=== audio/outdoor_2m_45deg_take2.wav ===
Model: near-field (r=2.0 m)

Final DOA (auto-window): UNCERTAIN (accepted 0/7, dom=0.40)

=== audio/outdoor_2m_45deg_take3.wav ===
Model: near-field (r=2.0 m)

Final DOA (auto-window): 274.00° (accepted 1/7, dom=1.00)

=== audio/outdoor_2m_90deg_take1.wav ===
Model: near-field (r=2.0 m)

Final DOA (auto-window): 90.00° (accepted 3/7, dom=1.00)

=== audio/outdoor_2m_90deg_take2.wav ===
Model: near-field (r=2.0 m)
Traceback (most recent call last):
  File "/Users/rida/BAchelor_Arbeit/src/scripts/05_estimate_doa.py", line 4, in <module>
    main()
  File "/Users/rida/BAchelor_Arbeit/src/doa/cli.py", line 103, in main
    run_one(
  File "/Users/rida/BAchelor_Arbeit/src/doa/pipeline.py", line 555, in run_one
    final_theta, events, final_dom, n_acc, n_total = auto_window_events_doa(
                                                     ^^^^^^^^^^^^^^^^^^^^^^^
  File "/Users/rida/BAchelor_Arbeit/src/doa/pipeline.py", line 296, in auto_window_events_doa
    eval_center(
  File "/Users/rida/BAchelor_Arbeit/src/doa/pipeline.py", line 70, in eval_center
    _, best_theta, conf, topk = srp_phat_scan(
                                ^^^^^^^^^^^^^^
  File "/Users/rida/BAchelor_Arbeit/src/doa/srp.py", line 61, in srp_phat_scan
    sh = float(np.clip(shift, -max_shift, max_shift))
               ^^^^^^^^^^^^^^^^^^^^^^^^^^^^^^^^^^^^^
KeyboardInterrupt
